<?xml version="1.0" encoding="UTF-8"?>
<testsuite xmlns:xsi="http://www.w3.org/2001/XMLSchema-instance" xsi:noNamespaceSchemaLocation="https://maven.apache.org/surefire/maven-surefire-plugin/xsd/surefire-test-report-3.0.xsd" version="3.0" name="Test.JunitRunnerTest" time="56.494" tests="7" errors="0" skipped="0" failures="0">
  <properties>
[...]
</properties>
  <testcase name="Success create user" classname="Api testing" time="4.268">
    <system-out><![CDATA[18:01:57.969 [main] DEBUG net.thucydides.core.util.PropertiesFileLocalPreferences -- LOADING LOCAL PROPERTIES FROM /Users/jodi/Downloads/bank-mas-qe/serenity.properties 
18:01:57.987 [main] DEBUG net.thucydides.core.util.PropertiesFileLocalPreferences -- LOADING LOCAL PROPERTIES FROM /Users/jodi/Downloads/bank-mas-qe/serenity.properties 
18:01:57.988 [main] DEBUG net.thucydides.core.util.PropertiesFileLocalPreferences -- LOADING LOCAL PROPERTIES FROM /Users/jodi/Downloads/bank-mas-qe/serenity.properties 
18:01:57.996 [main] DEBUG net.thucydides.core.util.PropertiesFileLocalPreferences -- webdriver.driver=chrome
18:01:57.997 [main] DEBUG net.thucydides.core.util.PropertiesFileLocalPreferences -- serenity.browser.height=768
18:01:57.997 [main] DEBUG net.thucydides.core.util.PropertiesFileLocalPreferences -- serenity.browser.width=1366
18:01:57.997 [main] DEBUG net.thucydides.core.util.PropertiesFileLocalPreferences -- chrome.switches=--incognito
18:01:57.997 [main] DEBUG net.thucydides.core.util.PropertiesFileLocalPreferences -- webdriver.base.url=https://todomvc.com/examples/knockoutjs/
18:01:57.997 [main] DEBUG net.thucydides.core.util.PropertiesFileLocalPreferences -- webdriver.wait.for.timeout=60000
18:01:57.997 [main] DEBUG net.thucydides.core.util.PropertiesFileLocalPreferences -- story.timeout.in.secs=3600
18:01:57.997 [main] DEBUG net.thucydides.core.util.PropertiesFileLocalPreferences -- ignore.failures.in.stories=true
18:01:57.997 [main] DEBUG net.thucydides.core.util.PropertiesFileLocalPreferences -- serenity.maintain.session=true
18:01:57.997 [main] DEBUG net.thucydides.core.util.PropertiesFileLocalPreferences -- serenity.take.screenshots=AFTER_EACH_STEP
18:01:57.997 [main] DEBUG net.thucydides.core.util.PropertiesFileLocalPreferences -- webdriver.timeouts.implicitlywait=5000
18:01:58.404 [main] INFO io.cucumber.core.plugin.SerenityReporter -- Running feature from file:///Users/jodi/Downloads/bank-mas-qe/src/test/resources/features/Api.feature
18:01:58.706 [main] DEBUG net.thucydides.core.util.PropertiesFileLocalPreferences -- LOADING LOCAL PROPERTIES FROM /Users/jodi/Downloads/bank-mas-qe/serenity.properties 
18:01:58.714 [main] DEBUG net.thucydides.core.util.PropertiesFileLocalPreferences -- LOADING LOCAL PROPERTIES FROM /Users/jodi/Downloads/bank-mas-qe/serenity.properties 
18:01:58.714 [main] DEBUG net.thucydides.core.util.PropertiesFileLocalPreferences -- LOADING LOCAL PROPERTIES FROM /Users/jodi/Downloads/bank-mas-qe/serenity.properties 
18:01:58.715 [main] DEBUG net.thucydides.core.util.PropertiesFileLocalPreferences -- webdriver.driver=chrome
18:01:58.715 [main] DEBUG net.thucydides.core.util.PropertiesFileLocalPreferences -- serenity.browser.height=768
18:01:58.715 [main] DEBUG net.thucydides.core.util.PropertiesFileLocalPreferences -- serenity.browser.width=1366
18:01:58.715 [main] DEBUG net.thucydides.core.util.PropertiesFileLocalPreferences -- chrome.switches=--incognito
18:01:58.715 [main] DEBUG net.thucydides.core.util.PropertiesFileLocalPreferences -- webdriver.base.url=https://todomvc.com/examples/knockoutjs/
18:01:58.715 [main] DEBUG net.thucydides.core.util.PropertiesFileLocalPreferences -- webdriver.wait.for.timeout=60000
18:01:58.715 [main] DEBUG net.thucydides.core.util.PropertiesFileLocalPreferences -- story.timeout.in.secs=3600
18:01:58.716 [main] DEBUG net.thucydides.core.util.PropertiesFileLocalPreferences -- ignore.failures.in.stories=true
18:01:58.716 [main] DEBUG net.thucydides.core.util.PropertiesFileLocalPreferences -- serenity.maintain.session=true
18:01:58.716 [main] DEBUG net.thucydides.core.util.PropertiesFileLocalPreferences -- serenity.take.screenshots=AFTER_EACH_STEP
18:01:58.716 [main] DEBUG net.thucydides.core.util.PropertiesFileLocalPreferences -- webdriver.timeouts.implicitlywait=5000
18:01:58.725 [main] INFO  -- 

-------------------------------------------------------------------------------------
     _______. _______ .______       _______ .__   __.  __  .___________.____    ____ 
    /       ||   ____||   _  \     |   ____||  \ |  | |  | |           |\   \  /   / 
   |   (----`|  |__   |  |_)  |    |  |__   |   \|  | |  | `---|  |----` \   \/   /  
    \   \    |   __|  |      /     |   __|  |  . `  | |  |     |  |       \_    _/   
.----)   |   |  |____ |  |\  \----.|  |____ |  |\   | |  |     |  |         |  |     
|_______/    |_______|| _| `._____||_______||__| \__| |__|     |__|         |__|    
                                                                                     
 News and tutorials at http://www.serenity-bdd.info                                  
 Documentation at https://wakaleo.gitbooks.io/the-serenity-book/content/             
 Join the Serenity Community on Gitter: https://gitter.im/serenity-bdd/serenity-core 
 Serenity BDD Support and Training at http://serenity-bdd.info/#/trainingandsupport  
-------------------------------------------------------------------------------------

18:01:58.730 [main] DEBUG net.thucydides.core.steps.StepEventBus -- Test suite started for story net.thucydides.core.model.Story@fa90c945
18:01:58.731 [main] INFO  -- Test Suite Started: Api testing
18:01:58.765 [main] INFO io.cucumber.core.plugin.SerenityReporter -- Running feature from file:///Users/jodi/Downloads/bank-mas-qe/src/test/resources/features/Todo.feature
18:01:58.775 [main] DEBUG net.thucydides.core.steps.StepEventBus -- Test suite started for story net.thucydides.core.model.Story@427f41e8
18:01:58.778 [main] INFO  -- Test Suite Started: Todo

@Api
Scenario: Success create user                        &amp#27;[90m# src/test/resources/features/Api.feature:5&amp#27;[0m
18:01:58.950 [main] INFO io.cucumber.core.plugin.SerenityReporter -- Running feature from file:///Users/jodi/Downloads/bank-mas-qe/src/test/resources/features/Api.feature
18:01:58.959 [main] INFO  -- 
  _____   ___   ___   _____     ___   _____     _     ___   _____   ___   ___  
 |_   _| | __| / __| |_   _|   / __| |_   _|   /_\   | _ \ |_   _| | __| |   \ 
   | |   | _|  \__ \   | |     \__ \   | |    / _ \  |   /   | |   | _|  | |) |
   |_|   |___| |___/   |_|     |___/   |_|   /_/ \_\ |_|_\   |_|   |___| |___/ 

Success create user(api-testing;success-create-user)
--------------------------------------------------------------------------------
18:01:59.089 [main] DEBUG net.thucydides.core.requirements.model.cucumber.CucumberParser -- Added feature Todo
18:01:59.115 [main] DEBUG net.thucydides.core.requirements.model.cucumber.CucumberParser -- Added feature Api testing
  &amp#27;[32mGiven &amp#27;[0m&amp#27;[32muser on end point  create&amp#27;[0m                    &amp#27;[90m# Test.Api.Api.userOnEndPointCreate()&amp#27;[0m
  &amp#27;[32mWhen &amp#27;[0m&amp#27;[32muser post &amp#27;[0m&amp#27;[32m&amp#27;[1m"Setiawan Jodi"&amp#27;[0m&amp#27;[32m and &amp#27;[0m&amp#27;[32m&amp#27;[1m"Test Engineer"&amp#27;[0m &amp#27;[90m# Test.Api.Api.userPostAnd(java.lang.String,java.lang.String)&amp#27;[0m
  &amp#27;[32mThen &amp#27;[0m&amp#27;[32msuccess create new user&amp#27;[0m                       &amp#27;[90m# Test.Api.Api.successCreateNewUser()&amp#27;[0m
18:02:03.048 [main] INFO  -- 
  _____   ___   ___   _____     ___     _     ___   ___   ___   ___  
 |_   _| | __| / __| |_   _|   | _ \   /_\   / __| / __| | __| |   \ 
   | |   | _|  \__ \   | |     |  _/  / _ \  \__ \ \__ \ | _|  | |) |
   |_|   |___| |___/   |_|     |_|   /_/ \_\ |___/ |___/ |___| |___/ 

Success create user
----------------------------------------------------------------------
]]></system-out>
  </testcase>
  <testcase name="Success update user" classname="Api testing" time="0.707">
    <system-out><![CDATA[
@Api
Scenario: Success update user                       &amp#27;[90m# src/test/resources/features/Api.feature:10&amp#27;[0m
18:02:03.075 [main] INFO io.cucumber.core.plugin.SerenityReporter -- Running feature from file:///Users/jodi/Downloads/bank-mas-qe/src/test/resources/features/Api.feature
18:02:03.082 [main] INFO  -- 
  _____   ___   ___   _____     ___   _____     _     ___   _____   ___   ___  
 |_   _| | __| / __| |_   _|   / __| |_   _|   /_\   | _ \ |_   _| | __| |   \ 
   | |   | _|  \__ \   | |     \__ \   | |    / _ \  |   /   | |   | _|  | |) |
   |_|   |___| |___/   |_|     |___/   |_|   /_/ \_\ |_|_\   |_|   |___| |___/ 

Success update user(api-testing;success-update-user)
--------------------------------------------------------------------------------
  &amp#27;[32mGiven &amp#27;[0m&amp#27;[32muser on end point update&amp#27;[0m                    &amp#27;[90m# Test.Api.Api.userOnEndPointUpdate()&amp#27;[0m
  &amp#27;[32mWhen &amp#27;[0m&amp#27;[32muser put &amp#27;[0m&amp#27;[32m&amp#27;[1m"Setiawan Jodi"&amp#27;[0m&amp#27;[32m and &amp#27;[0m&amp#27;[32m&amp#27;[1m"Test Engineer"&amp#27;[0m &amp#27;[90m# Test.Api.Api.userPutAnd(java.lang.String,java.lang.String)&amp#27;[0m
  &amp#27;[32mThen &amp#27;[0m&amp#27;[32msuccess update user&amp#27;[0m                          &amp#27;[90m# Test.Api.Api.successUpdateUser()&amp#27;[0m
18:02:03.769 [main] INFO  -- 
  _____   ___   ___   _____     ___     _     ___   ___   ___   ___  
 |_   _| | __| / __| |_   _|   | _ \   /_\   / __| / __| | __| |   \ 
   | |   | _|  \__ \   | |     |  _/  / _ \  \__ \ \__ \ | _|  | |) |
   |_|   |___| |___/   |_|     |_|   /_/ \_\ |___/ |___/ |___| |___/ 

Success update user
----------------------------------------------------------------------
]]></system-out>
  </testcase>
  <testcase name="Delete user" classname="Api testing" time="0.56">
    <system-out><![CDATA[
@Api
Scenario: Delete user           &amp#27;[90m# src/test/resources/features/Api.feature:15&amp#27;[0m
18:02:03.781 [main] INFO io.cucumber.core.plugin.SerenityReporter -- Running feature from file:///Users/jodi/Downloads/bank-mas-qe/src/test/resources/features/Api.feature
18:02:03.785 [main] INFO  -- 
  _____   ___   ___   _____     ___   _____     _     ___   _____   ___   ___  
 |_   _| | __| / __| |_   _|   / __| |_   _|   /_\   | _ \ |_   _| | __| |   \ 
   | |   | _|  \__ \   | |     \__ \   | |    / _ \  |   /   | |   | _|  | |) |
   |_|   |___| |___/   |_|     |___/   |_|   /_/ \_\ |_|_\   |_|   |___| |___/ 

Delete user(api-testing;delete-user)
--------------------------------------------------------------------------------
  &amp#27;[32mGiven &amp#27;[0m&amp#27;[32muser on delete endpoint&amp#27;[0m &amp#27;[90m# Test.Api.Api.userOnDeleteEndpoint()&amp#27;[0m
  &amp#27;[32mWhen &amp#27;[0m&amp#27;[32muser send delete&amp#27;[0m         &amp#27;[90m# Test.Api.Api.userSendDelete()&amp#27;[0m
  &amp#27;[32mThen &amp#27;[0m&amp#27;[32mvalidate delete response&amp#27;[0m &amp#27;[90m# Test.Api.Api.validateDeleteResponse()&amp#27;[0m
18:02:04.327 [main] INFO  -- 
  _____   ___   ___   _____     ___     _     ___   ___   ___   ___  
 |_   _| | __| / __| |_   _|   | _ \   /_\   / __| / __| | __| |   \ 
   | |   | _|  \__ \   | |     |  _/  / _ \  \__ \ \__ \ | _|  | |) |
   |_|   |___| |___/   |_|     |_|   /_/ \_\ |___/ |___/ |___| |___/ 

Delete user
----------------------------------------------------------------------
]]></system-out>
  </testcase>
  <testcase name="User adds a new to-do" classname="Todo" time="18.126">
    <system-out><![CDATA[
@Todo
Scenario: User adds a new to-do                       &amp#27;[90m# src/test/resources/features/Todo.feature:5&amp#27;[0m
18:02:04.342 [main] INFO io.cucumber.core.plugin.SerenityReporter -- Running feature from file:///Users/jodi/Downloads/bank-mas-qe/src/test/resources/features/Todo.feature
18:02:04.346 [main] INFO  -- 
  _____   ___   ___   _____     ___   _____     _     ___   _____   ___   ___  
 |_   _| | __| / __| |_   _|   / __| |_   _|   /_\   | _ \ |_   _| | __| |   \ 
   | |   | _|  \__ \   | |     \__ \   | |    / _ \  |   /   | |   | _|  | |) |
   |_|   |___| |___/   |_|     |___/   |_|   /_/ \_\ |_|_\   |_|   |___| |___/ 

User adds a new to-do(todo;user-adds-a-new-to-do)
--------------------------------------------------------------------------------
18:02:04.433 [main] INFO net.serenitybdd.core.webdriver.driverproviders.ChromeDriverProvider -- Using automatically driver download
18:02:04.643 [main] DEBUG io.github.bonigarcia.wdm.cache.ResolutionCache -- Removing resolution chrome=114 from cache (expired on Wed Jul 26 17:30:59 WIB 2023)
18:02:04.660 [main] DEBUG org.apache.hc.client5.http.impl.classic.InternalHttpClient -- ex-00000001: preparing request execution
18:02:04.663 [main] DEBUG org.apache.hc.client5.http.protocol.RequestAddCookies -- Cookie spec selected: strict
18:02:04.665 [main] DEBUG org.apache.hc.client5.http.protocol.RequestAuthCache -- Auth cache not set in the context
18:02:04.665 [main] DEBUG org.apache.hc.client5.http.impl.classic.ProtocolExec -- ex-00000001: target auth state: UNCHALLENGED
18:02:04.665 [main] DEBUG org.apache.hc.client5.http.impl.classic.ProtocolExec -- ex-00000001: proxy auth state: UNCHALLENGED
18:02:04.665 [main] DEBUG org.apache.hc.client5.http.impl.classic.ConnectExec -- ex-00000001: acquiring connection with route {s}->https://raw.githubusercontent.com:443
18:02:04.666 [main] DEBUG org.apache.hc.client5.http.impl.classic.InternalHttpClient -- ex-00000001: acquiring endpoint (3 MINUTES)
18:02:04.666 [main] DEBUG org.apache.hc.client5.http.impl.io.PoolingHttpClientConnectionManager -- ex-00000001: endpoint lease request (3 MINUTES) [route: {s}->https://raw.githubusercontent.com:443][total available: 0; route allocated: 0 of 5; total allocated: 0 of 25]
18:02:04.671 [main] DEBUG org.apache.hc.client5.http.impl.io.PoolingHttpClientConnectionManager -- ex-00000001: endpoint leased [route: {s}->https://raw.githubusercontent.com:443][total available: 0; route allocated: 1 of 5; total allocated: 1 of 25]
18:02:04.677 [main] DEBUG org.apache.hc.client5.http.impl.io.PoolingHttpClientConnectionManager -- ex-00000001: acquired ep-00000000
18:02:04.677 [main] DEBUG org.apache.hc.client5.http.impl.classic.InternalHttpClient -- ex-00000001: acquired endpoint ep-00000000
18:02:04.677 [main] DEBUG org.apache.hc.client5.http.impl.classic.ConnectExec -- ex-00000001: opening connection {s}->https://raw.githubusercontent.com:443
18:02:04.678 [main] DEBUG org.apache.hc.client5.http.impl.classic.InternalHttpClient -- ep-00000000: connecting endpoint (30 SECONDS)
18:02:04.678 [main] DEBUG org.apache.hc.client5.http.impl.io.PoolingHttpClientConnectionManager -- ep-00000000: connecting endpoint to https://raw.githubusercontent.com:443 (30 SECONDS)
18:02:04.700 [main] DEBUG org.apache.hc.client5.http.impl.io.DefaultHttpClientConnectionOperator -- http-outgoing-0: connecting to raw.githubusercontent.com/185.199.111.133:443
18:02:04.700 [main] DEBUG org.apache.hc.client5.http.ssl.SSLConnectionSocketFactory -- Connecting socket to raw.githubusercontent.com/185.199.111.133:443 with timeout 30 SECONDS
18:02:04.726 [main] DEBUG org.apache.hc.client5.http.ssl.SSLConnectionSocketFactory -- Enabled protocols: [TLSv1.3, TLSv1.2]
18:02:04.727 [main] DEBUG org.apache.hc.client5.http.ssl.SSLConnectionSocketFactory -- Enabled cipher suites: [TLS_AES_256_GCM_SHA384, TLS_AES_128_GCM_SHA256, TLS_CHACHA20_POLY1305_SHA256, TLS_ECDHE_ECDSA_WITH_AES_256_GCM_SHA384, TLS_ECDHE_ECDSA_WITH_AES_128_GCM_SHA256, TLS_ECDHE_ECDSA_WITH_CHACHA20_POLY1305_SHA256, TLS_ECDHE_RSA_WITH_AES_256_GCM_SHA384, TLS_ECDHE_RSA_WITH_CHACHA20_POLY1305_SHA256, TLS_ECDHE_RSA_WITH_AES_128_GCM_SHA256, TLS_DHE_RSA_WITH_AES_256_GCM_SHA384, TLS_DHE_RSA_WITH_CHACHA20_POLY1305_SHA256, TLS_DHE_DSS_WITH_AES_256_GCM_SHA384, TLS_DHE_RSA_WITH_AES_128_GCM_SHA256, TLS_DHE_DSS_WITH_AES_128_GCM_SHA256, TLS_ECDHE_ECDSA_WITH_AES_256_CBC_SHA384, TLS_ECDHE_RSA_WITH_AES_256_CBC_SHA384, TLS_ECDHE_ECDSA_WITH_AES_128_CBC_SHA256, TLS_ECDHE_RSA_WITH_AES_128_CBC_SHA256, TLS_DHE_RSA_WITH_AES_256_CBC_SHA256, TLS_DHE_DSS_WITH_AES_256_CBC_SHA256, TLS_DHE_RSA_WITH_AES_128_CBC_SHA256, TLS_DHE_DSS_WITH_AES_128_CBC_SHA256, TLS_ECDH_ECDSA_WITH_AES_256_GCM_SHA384, TLS_ECDH_RSA_WITH_AES_256_GCM_SHA384, TLS_ECDH_ECDSA_WITH_AES_128_GCM_SHA256, TLS_ECDH_RSA_WITH_AES_128_GCM_SHA256, TLS_ECDH_ECDSA_WITH_AES_256_CBC_SHA384, TLS_ECDH_RSA_WITH_AES_256_CBC_SHA384, TLS_ECDH_ECDSA_WITH_AES_128_CBC_SHA256, TLS_ECDH_RSA_WITH_AES_128_CBC_SHA256, TLS_ECDHE_ECDSA_WITH_AES_256_CBC_SHA, TLS_ECDHE_RSA_WITH_AES_256_CBC_SHA, TLS_ECDHE_ECDSA_WITH_AES_128_CBC_SHA, TLS_ECDHE_RSA_WITH_AES_128_CBC_SHA, TLS_DHE_RSA_WITH_AES_256_CBC_SHA, TLS_DHE_DSS_WITH_AES_256_CBC_SHA, TLS_DHE_RSA_WITH_AES_128_CBC_SHA, TLS_DHE_DSS_WITH_AES_128_CBC_SHA, TLS_ECDH_ECDSA_WITH_AES_256_CBC_SHA, TLS_ECDH_RSA_WITH_AES_256_CBC_SHA, TLS_ECDH_ECDSA_WITH_AES_128_CBC_SHA, TLS_ECDH_RSA_WITH_AES_128_CBC_SHA, TLS_RSA_WITH_AES_256_GCM_SHA384, TLS_RSA_WITH_AES_128_GCM_SHA256, TLS_RSA_WITH_AES_256_CBC_SHA256, TLS_RSA_WITH_AES_128_CBC_SHA256, TLS_RSA_WITH_AES_256_CBC_SHA, TLS_RSA_WITH_AES_128_CBC_SHA, TLS_EMPTY_RENEGOTIATION_INFO_SCSV]
18:02:04.727 [main] DEBUG org.apache.hc.client5.http.ssl.SSLConnectionSocketFactory -- Starting handshake
18:02:04.790 [main] DEBUG org.apache.hc.client5.http.ssl.SSLConnectionSocketFactory -- Secure session established
18:02:04.790 [main] DEBUG org.apache.hc.client5.http.ssl.SSLConnectionSocketFactory --  negotiated protocol: TLSv1.3
18:02:04.790 [main] DEBUG org.apache.hc.client5.http.ssl.SSLConnectionSocketFactory --  negotiated cipher suite: TLS_AES_256_GCM_SHA384
18:02:04.790 [main] DEBUG org.apache.hc.client5.http.ssl.SSLConnectionSocketFactory --  peer principal: CN=*.github.io, O="GitHub, Inc.", L=San Francisco, ST=California, C=US
18:02:04.790 [main] DEBUG org.apache.hc.client5.http.ssl.SSLConnectionSocketFactory --  peer alternative names: [*.github.io, github.io, *.github.com, github.com, www.github.com, *.githubusercontent.com, githubusercontent.com]
18:02:04.791 [main] DEBUG org.apache.hc.client5.http.ssl.SSLConnectionSocketFactory --  issuer principal: CN=DigiCert TLS RSA SHA256 2020 CA1, O=DigiCert Inc, C=US
18:02:04.791 [main] DEBUG org.apache.hc.client5.http.impl.io.DefaultHttpClientConnectionOperator -- http-outgoing-0: connection established 192.168.1.5:50822<->185.199.111.133:443
18:02:04.793 [main] DEBUG org.apache.hc.client5.http.impl.io.PoolingHttpClientConnectionManager -- ep-00000000: connected http-outgoing-0
18:02:04.793 [main] DEBUG org.apache.hc.client5.http.impl.classic.InternalHttpClient -- ep-00000000: endpoint connected
18:02:04.794 [main] DEBUG org.apache.hc.client5.http.impl.classic.MainClientExec -- ex-00000001: executing GET /bonigarcia/webdrivermanager/master/src/main/resources/commands.properties HTTP/1.1
18:02:04.794 [main] DEBUG org.apache.hc.client5.http.impl.classic.InternalHttpClient -- ep-00000000: start execution ex-00000001
18:02:04.794 [main] DEBUG org.apache.hc.client5.http.impl.io.PoolingHttpClientConnectionManager -- ep-00000000: executing exchange ex-00000001 over http-outgoing-0
18:02:04.794 [main] DEBUG org.apache.hc.client5.http.headers -- http-outgoing-0 >> GET /bonigarcia/webdrivermanager/master/src/main/resources/commands.properties HTTP/1.1
18:02:04.794 [main] DEBUG org.apache.hc.client5.http.headers -- http-outgoing-0 >> user-agent: Apache-HttpClient/5.0
18:02:04.794 [main] DEBUG org.apache.hc.client5.http.headers -- http-outgoing-0 >> accept-encoding: gzip, deflate, br
18:02:04.795 [main] DEBUG org.apache.hc.client5.http.headers -- http-outgoing-0 >> cache-control: max-age=0
18:02:04.795 [main] DEBUG org.apache.hc.client5.http.headers -- http-outgoing-0 >> connection: keep-alive
18:02:04.795 [main] DEBUG org.apache.hc.client5.http.headers -- http-outgoing-0 >> Host: raw.githubusercontent.com
18:02:04.795 [main] DEBUG org.apache.hc.client5.http.wire -- http-outgoing-0 >> "GET /bonigarcia/webdrivermanager/master/src/main/resources/commands.properties HTTP/1.1[\r][\n]"
18:02:04.795 [main] DEBUG org.apache.hc.client5.http.wire -- http-outgoing-0 >> "user-agent: Apache-HttpClient/5.0[\r][\n]"
18:02:04.795 [main] DEBUG org.apache.hc.client5.http.wire -- http-outgoing-0 >> "accept-encoding: gzip, deflate, br[\r][\n]"
18:02:04.795 [main] DEBUG org.apache.hc.client5.http.wire -- http-outgoing-0 >> "cache-control: max-age=0[\r][\n]"
18:02:04.795 [main] DEBUG org.apache.hc.client5.http.wire -- http-outgoing-0 >> "connection: keep-alive[\r][\n]"
18:02:04.796 [main] DEBUG org.apache.hc.client5.http.wire -- http-outgoing-0 >> "Host: raw.githubusercontent.com[\r][\n]"
18:02:04.796 [main] DEBUG org.apache.hc.client5.http.wire -- http-outgoing-0 >> "[\r][\n]"
18:02:04.820 [main] DEBUG org.apache.hc.client5.http.wire -- http-outgoing-0 << "HTTP/1.1 200 OK[\r][\n]"
18:02:04.820 [main] DEBUG org.apache.hc.client5.http.wire -- http-outgoing-0 << "Connection: keep-alive[\r][\n]"
18:02:04.820 [main] DEBUG org.apache.hc.client5.http.wire -- http-outgoing-0 << "Content-Length: 723[\r][\n]"
18:02:04.820 [main] DEBUG org.apache.hc.client5.http.wire -- http-outgoing-0 << "Cache-Control: max-age=300[\r][\n]"
18:02:04.820 [main] DEBUG org.apache.hc.client5.http.wire -- http-outgoing-0 << "Content-Security-Policy: default-src 'none'; style-src 'unsafe-inline'; sandbox[\r][\n]"
18:02:04.820 [main] DEBUG org.apache.hc.client5.http.wire -- http-outgoing-0 << "Content-Type: text/plain; charset=utf-8[\r][\n]"
18:02:04.820 [main] DEBUG org.apache.hc.client5.http.wire -- http-outgoing-0 << "ETag: W/"e82b438271e9e8680c688b0b680efd0bdd22faa6d6f0a32fc1fd8accc486b67e"[\r][\n]"
18:02:04.820 [main] DEBUG org.apache.hc.client5.http.wire -- http-outgoing-0 << "Strict-Transport-Security: max-age=31536000[\r][\n]"
18:02:04.820 [main] DEBUG org.apache.hc.client5.http.wire -- http-outgoing-0 << "X-Content-Type-Options: nosniff[\r][\n]"
18:02:04.820 [main] DEBUG org.apache.hc.client5.http.wire -- http-outgoing-0 << "X-Frame-Options: deny[\r][\n]"
18:02:04.820 [main] DEBUG org.apache.hc.client5.http.wire -- http-outgoing-0 << "X-XSS-Protection: 1; mode=block[\r][\n]"
18:02:04.821 [main] DEBUG org.apache.hc.client5.http.wire -- http-outgoing-0 << "X-GitHub-Request-Id: EAF6:2CD3:365760:400E73:64B4612B[\r][\n]"
18:02:04.821 [main] DEBUG org.apache.hc.client5.http.wire -- http-outgoing-0 << "Content-Encoding: gzip[\r][\n]"
18:02:04.821 [main] DEBUG org.apache.hc.client5.http.wire -- http-outgoing-0 << "Accept-Ranges: bytes[\r][\n]"
18:02:04.821 [main] DEBUG org.apache.hc.client5.http.wire -- http-outgoing-0 << "Date: Wed, 26 Jul 2023 11:02:04 GMT[\r][\n]"
18:02:04.821 [main] DEBUG org.apache.hc.client5.http.wire -- http-outgoing-0 << "Via: 1.1 varnish[\r][\n]"
18:02:04.821 [main] DEBUG org.apache.hc.client5.http.wire -- http-outgoing-0 << "X-Served-By: cache-qpg1279-QPG[\r][\n]"
18:02:04.821 [main] DEBUG org.apache.hc.client5.http.wire -- http-outgoing-0 << "X-Cache: HIT[\r][\n]"
18:02:04.821 [main] DEBUG org.apache.hc.client5.http.wire -- http-outgoing-0 << "X-Cache-Hits: 19[\r][\n]"
18:02:04.821 [main] DEBUG org.apache.hc.client5.http.wire -- http-outgoing-0 << "X-Timer: S1690369325.893352,VS0,VE0[\r][\n]"
18:02:04.821 [main] DEBUG org.apache.hc.client5.http.wire -- http-outgoing-0 << "Vary: Authorization,Accept-Encoding,Origin[\r][\n]"
18:02:04.821 [main] DEBUG org.apache.hc.client5.http.wire -- http-outgoing-0 << "Access-Control-Allow-Origin: *[\r][\n]"
18:02:04.821 [main] DEBUG org.apache.hc.client5.http.wire -- http-outgoing-0 << "Cross-Origin-Resource-Policy: cross-origin[\r][\n]"
18:02:04.821 [main] DEBUG org.apache.hc.client5.http.wire -- http-outgoing-0 << "X-Fastly-Request-ID: 4fef082d59ba5a963c6475962d91c3645ff03b6a[\r][\n]"
18:02:04.821 [main] DEBUG org.apache.hc.client5.http.wire -- http-outgoing-0 << "Expires: Wed, 26 Jul 2023 11:07:04 GMT[\r][\n]"
18:02:04.821 [main] DEBUG org.apache.hc.client5.http.wire -- http-outgoing-0 << "Source-Age: 275[\r][\n]"
18:02:04.821 [main] DEBUG org.apache.hc.client5.http.wire -- http-outgoing-0 << "[\r][\n]"
18:02:04.823 [main] DEBUG org.apache.hc.client5.http.headers -- http-outgoing-0 << HTTP/1.1 200 OK
18:02:04.823 [main] DEBUG org.apache.hc.client5.http.headers -- http-outgoing-0 << Connection: keep-alive
18:02:04.823 [main] DEBUG org.apache.hc.client5.http.headers -- http-outgoing-0 << Content-Length: 723
18:02:04.823 [main] DEBUG org.apache.hc.client5.http.headers -- http-outgoing-0 << Cache-Control: max-age=300
18:02:04.823 [main] DEBUG org.apache.hc.client5.http.headers -- http-outgoing-0 << Content-Security-Policy: default-src 'none'; style-src 'unsafe-inline'; sandbox
18:02:04.823 [main] DEBUG org.apache.hc.client5.http.headers -- http-outgoing-0 << Content-Type: text/plain; charset=utf-8
18:02:04.823 [main] DEBUG org.apache.hc.client5.http.headers -- http-outgoing-0 << ETag: W/"e82b438271e9e8680c688b0b680efd0bdd22faa6d6f0a32fc1fd8accc486b67e"
18:02:04.823 [main] DEBUG org.apache.hc.client5.http.headers -- http-outgoing-0 << Strict-Transport-Security: max-age=31536000
18:02:04.823 [main] DEBUG org.apache.hc.client5.http.headers -- http-outgoing-0 << X-Content-Type-Options: nosniff
18:02:04.823 [main] DEBUG org.apache.hc.client5.http.headers -- http-outgoing-0 << X-Frame-Options: deny
18:02:04.823 [main] DEBUG org.apache.hc.client5.http.headers -- http-outgoing-0 << X-XSS-Protection: 1; mode=block
18:02:04.823 [main] DEBUG org.apache.hc.client5.http.headers -- http-outgoing-0 << X-GitHub-Request-Id: EAF6:2CD3:365760:400E73:64B4612B
18:02:04.823 [main] DEBUG org.apache.hc.client5.http.headers -- http-outgoing-0 << Content-Encoding: gzip
18:02:04.823 [main] DEBUG org.apache.hc.client5.http.headers -- http-outgoing-0 << Accept-Ranges: bytes
18:02:04.823 [main] DEBUG org.apache.hc.client5.http.headers -- http-outgoing-0 << Date: Wed, 26 Jul 2023 11:02:04 GMT
18:02:04.823 [main] DEBUG org.apache.hc.client5.http.headers -- http-outgoing-0 << Via: 1.1 varnish
18:02:04.823 [main] DEBUG org.apache.hc.client5.http.headers -- http-outgoing-0 << X-Served-By: cache-qpg1279-QPG
18:02:04.823 [main] DEBUG org.apache.hc.client5.http.headers -- http-outgoing-0 << X-Cache: HIT
18:02:04.824 [main] DEBUG org.apache.hc.client5.http.headers -- http-outgoing-0 << X-Cache-Hits: 19
18:02:04.824 [main] DEBUG org.apache.hc.client5.http.headers -- http-outgoing-0 << X-Timer: S1690369325.893352,VS0,VE0
18:02:04.824 [main] DEBUG org.apache.hc.client5.http.headers -- http-outgoing-0 << Vary: Authorization,Accept-Encoding,Origin
18:02:04.824 [main] DEBUG org.apache.hc.client5.http.headers -- http-outgoing-0 << Access-Control-Allow-Origin: *
18:02:04.824 [main] DEBUG org.apache.hc.client5.http.headers -- http-outgoing-0 << Cross-Origin-Resource-Policy: cross-origin
18:02:04.824 [main] DEBUG org.apache.hc.client5.http.headers -- http-outgoing-0 << X-Fastly-Request-ID: 4fef082d59ba5a963c6475962d91c3645ff03b6a
18:02:04.824 [main] DEBUG org.apache.hc.client5.http.headers -- http-outgoing-0 << Expires: Wed, 26 Jul 2023 11:07:04 GMT
18:02:04.824 [main] DEBUG org.apache.hc.client5.http.headers -- http-outgoing-0 << Source-Age: 275
18:02:04.826 [main] DEBUG org.apache.hc.client5.http.impl.classic.MainClientExec -- ex-00000001: connection can be kept alive for 3 MINUTES
18:02:04.830 [main] DEBUG org.apache.hc.client5.http.wire -- http-outgoing-0 << "[0x1f][0xffffff8b][0x8][0x0][0x0][0x0][0x0][0x0][0x0][0x3][0xffffffb5]V]o[0xffffffda]0[0x14]}[0xffffffe7]W\[0xffffff81]*[0xffffffb5][0x12][0x1f][[M[0xffffffd3]$[0x1e]hF[0xffffffbb]i [0x18][0xffffffb4][0xffffffdd]&[0xfffffff9][0xffffffc5]$7[0xffffffc1]R[0x12]#;[0xffffff94]v[0xffffffbf]~[0xffffffb6][0xfffffff3]1[0xffffff92][0xffffff9a][0xffffffc1][0x1a]x[0xffffffcb][0xffffffb5][0xffffffaf][0xffffffcf]9[0xffffffbe][0xfffffff7]8v[0xb][0x1c][0x1e]E4[0xfffffff6]$x4[0xffffffa1][0xb]*[0xffffffb1][0xffffffd1][0xffffff82][0xfffffffb]%[0xffffff93][0xffffffe0][0xffffffb3][0x10][0xffffffc1][0xffffffe5]qBY,!Y[0xffffffea] KM8,[0x10][0xfffffff0][0x19][0xffffffdd]u[0xffffff82][0x1e][0xffffffb0][0xffffffd8]L[0xffffffcb]%[0xffffff86][0xffffffa1][0xe][0xffffffb8][0xfffffff0]P[0xffffffe8]$[0xf][0x13]t[0x13]3[0xfffffff9][0xffffff84]B2[0xffffffae][0xffffffe6]|@[0xfffffff5][0x1d][0x8][0xffffffc4][0x18][0x16][0xffffff82]o[0xffffffa4][0xffffff9a]P[0xffffff94][0xffffffe7][0xffffffce]R[0xfffffff0][0x8][0xffffffdb]p[0xffffffcb][0x4][0xfffffffa][0xfffffffc][0xffffffb9][\r][0xffffff93][0x15][\n]"
18:02:04.830 [main] DEBUG org.apache.hc.client5.http.wire -- http-outgoing-0 << "[0xffffffda][0xffffff86][0xffffffa1][0x17][0xffffffa8]Q3[0xffffffcb][0xffffffd6][0xffffffd1][0xffffff85][0xffffffc6][0xfffffff7][0xffffff98][0xffffffef][0xffffffa3][0xffffffc0]8[0x1][0xffffffae]s[0x12][0x16][0x7] _d[0xffffff82][0xffffff91][0xffffff84][0xfffffff3][0x1f],[0xfffffff6][0x14]j[0x1b]F,^+[0xffffff98]1ua2[0xffffffbf]h([0xffffff8e][0xffffff94][0xffffffa2][0xffffff91]m[0xffffffa3][0xffffffeb][0xffffff9a][0xffffffb0][0xffffffbb]I[0x17]t[0xffffffdf][0xffffffbd][0xffffffef][0xffffffbb][0xffffff91][0xffffffd7]U[0xffffffbb][0xffffff82][0xffffff9e][0x3][0xffffff9b][0xffffff88][0xffffffb9][0xffffffa6]$[0xffffffa6][0xc][0xffffff9b][0xffffffa5][0xffffffe2][0xffffff83][0xffffff98]F[0xffffffd8]o[0xffffff9e]Mg[0xffffff93][0xffffffbb][0xffffffd9]`|[0xfffffffb]u4[0xffffff9c][0x7f]"}B[0xffffffce][0x8][0xffffffb9][0xffffffe3]<[0x8][0xffffff91][0xffffff90][0xffffff94][0xffffff82][0xffffff90][0xffffffc1]j[0x15]2WI[0xffffffe3]1![0x19][0xffffff91]BnB[0xffffff80][0x9]<f[0xffffffb5][0xffffffe8]=[0xffffffd1]p[0xffffffbd][[0xffffffcf][0xffffffe5][0x1b][0xfffffff4][0xffffff9c][0xffffffff][0xfffffffc][0xfffffff8][0xffffffe1][0xffffffe2][0xffffff94][0xffffffa2][0xffffffae][0xe][0x14]5[0xffffff9a]8[0xffffff83][0xffffffd1]`:[0xfffffffd]<[0xffffffb8][0x1f][0xffffff9c]R[0xffffffcf]u[0x7f]6[0xffffffbc][0xffffff83][0xffffffef][0xf][0xffffffc3][0xffffffd9]/[0xfffffff8][0xfffffff2][0xffffffcd]y s[0xffffffee]'[0x1b]*0g[0xffffffcb][0xffffffc8]nF7H][0xffffff83][0xffffff97]{[0xffffffb1]Q[0x5][\r][0xffffffb5]c[0xffffffb4][0xf][0x2][0xffffffb3][0xffffffb4][0xffffff93][0xe]C[0xffffffa7][0xffffffb3]kAD][0xffffff9d][0xffffffde][0xffffffdb][0xffffffda][0xffffff88][0xffffffec][0xffffffa5][0xffffffbc][0xffffff99][0xffffffd9][0xffffffba]t[0xffffffb5][0xffffffea]9[0xffffffea][0x10])[0xffffffb7][0xffffffca][0xffffff9e][0xfffffff2][0xffffffe2]d^N[0xffffffd8]FW[0x16][0xffffffcd][0xffffffdc]_[0x10][0xfffffff9]i|[0x1c][0xffffff93][0xffffff8e][0xfffffff9]o[0x16][0xffffff86]4'!$G[0xffffffdf]W[0xfffffff4]W*j[[0xfffffff3]xR[0xffffffae][0xffffffb6][0xc][0xffffffd0],; #[0xffffffa9][0xffffff92]5[0xffffffb5][0x7][0xffffff9c][0xffffffb5][0xffffffd0][0x7f][0xffffff90][0xffffffc7]jgs[0xfffffffc][0xffffffc2][0xb][0xffffffd9][0x0]t[0xffffff9e]^'Y[0xfffffffb][0xffffff9f][0xffffffb1][0xffffffd8]:[0xffffffbf][0xffffff8d][0xffffffa5][0xffffff9a][0xffffffad][0x7f]m[0x5]&[0xffffffaa][0xffffffa0]^[0xffffff9b][0xffffffcb][0x5]f[0xffffffae][0xffffffe0]RU[0xffffff82][0x10]MS9l[0xffffff91]4t[0xfffffffb][0xffffff8a]][0xffffffd6][0xfffffff4][0xffffff96][0xffffffa6][0xffffff9f]P[0xffffffce][0xffffffd5][0xffffffce][0xffffff93][0xffffffff][0xffffff97][0xffffffcc]p[0xfffffffd][0xfffffff3][0xffffffe8][0x1b][0xffffffcc][0xffffffa2][0xffffffd9]Q[0xffffffbe][0xffffffb2][0xffffffa3][0xffffffc7]m'[0xffffffdf][0xffffffe4][[0xfffffffb]^[0xffffffb0][0xffffff9a][0xffffffbe][0xffffffda][0xffffffda]_[0xffffffce][0xffffff80][0xffffffd2][0xffffffc1]7[0xffffffb7]][0xffffffc1]b[0xffffffee][0xffffffb5][0xffffffff]w[0xffffff83][0xffffffed][0xffffffa7];[0x15]<[0x10]4[0xffffff92][0xffffff84][0x18][\n]"
18:02:04.831 [main] DEBUG org.apache.hc.client5.http.wire -- http-outgoing-0 << "BB[0xffffffba][0xffffff8e]][0xffffffb5]jo[0xffffffb9]+"[0xffffffea][0xffffffb4][0xffffffff]h"[0xffffffea]\?5[0xffffffa9][0xffffffaf]k[0xffffffec][0xffffffff]P[0xffffffea][\n]"
18:02:04.831 [main] DEBUG org.apache.hc.client5.http.wire -- http-outgoing-0 << "w[0xffffffe1]K[0x13][0xffffffda][0xffffffec][0xffffff98][0xffffffe6]Y[0xfffffffd]h8m6[0xffffff9c]T[0xffffffc1][0xfffffff2][0xffffffa7][0xffffff91]z_[0xffffff95]o85p[0x1c][0x13][0xffffffe6][0xfffffff0]5[0xffffffee][0xfffffffc][0xffffff92][0xffffff96][0xffffffda][0xfffffff7][0xffffffcf][0xffffffb1][0x5][0x1d][0xffffffea]K[0xffffff9b]9[0xffffff8e][0xffffffad]e[0xfffffff7][0xffffff93][0xffffffa8]`[0xffffffda][0xffffffff][0x1a][0xffffffd2][0xffffff88][0xffffff85][0xfffffffd][0xfffffff2][0xffffff91]N[0xfffffff6]`[0xffffffdf]2[0xffffffcf][0xffffffae]E[0xffffff97][0xffffffc5][0xffffffa2][0xffffff9d][0xffffffef]'[0xffffff9d]mun.[0xffffffd3]f^[0xffffffc7][0xffffff82][0xffffffda][0xffffff82]9[0xfffffff5][0xffffffa9]`[0x5][0xffffffbc]4[0xffffffa1][0x1d]<M[0xffffffb5]A[0xffffffa7]3[[0xffffffc0][0x7f][0x0][0xffffffc1][0xffffffd0]$[0xffffff85][0x1d][\r][0x0][0x0]"
18:02:04.833 [main] DEBUG org.apache.hc.client5.http.impl.classic.InternalHttpClient -- ep-00000000: releasing valid endpoint
18:02:04.833 [main] DEBUG org.apache.hc.client5.http.impl.io.PoolingHttpClientConnectionManager -- ep-00000000: releasing endpoint
18:02:04.834 [main] DEBUG org.apache.hc.client5.http.impl.io.PoolingHttpClientConnectionManager -- ep-00000000: connection http-outgoing-0 can be kept alive for 3 MINUTES
18:02:04.834 [main] DEBUG org.apache.hc.client5.http.impl.io.PoolingHttpClientConnectionManager -- ep-00000000: connection released [route: {s}->https://raw.githubusercontent.com:443][total available: 1; route allocated: 1 of 5; total allocated: 1 of 25]
18:02:04.835 [main] DEBUG io.github.bonigarcia.wdm.versions.VersionDetector -- Detecting chrome version using online commands.properties
18:02:04.841 [main] DEBUG io.github.bonigarcia.wdm.versions.Shell -- Running command on the shell: [/Applications/Google Chrome.app/Contents/MacOS/Google Chrome, --version]
18:02:05.560 [main] DEBUG io.github.bonigarcia.wdm.versions.Shell -- Result: Google Chrome 114.0.5735.248
18:02:05.566 [main] DEBUG io.github.bonigarcia.wdm.cache.ResolutionCache -- Resolution chrome114=114.0.5735.90 in cache (valid until 10:28:21 27/07/2023 WIB)
18:02:05.567 [main] INFO io.github.bonigarcia.wdm.WebDriverManager -- Using chromedriver 114.0.5735.90 (resolved driver for Chrome 114)
18:02:05.569 [main] DEBUG io.github.bonigarcia.wdm.cache.ResolutionCache -- Storing resolution chrome=114 in cache (valid until 19:02:05 26/07/2023 WIB)
18:02:05.577 [main] DEBUG io.github.bonigarcia.wdm.WebDriverManager -- Driver chromedriver 114.0.5735.90 found in cache
18:02:05.578 [main] INFO io.github.bonigarcia.wdm.WebDriverManager -- Exporting webdriver.chrome.driver as /Users/jodi/.cache/selenium/chromedriver/mac64/114.0.5735.90/chromedriver
18:02:05.949 [main] INFO net.serenitybdd.core.webdriver.driverproviders.ProvideNewDriver -- Instantiating driver
18:02:05.949 [main] INFO net.serenitybdd.core.webdriver.driverproviders.ProvideNewDriver -- Driver capabilities: Capabilities {acceptInsecureCerts: false, base.url: https://todomvc.com/example..., browserName: chrome, driver: chrome, goog:chromeOptions: {args: [--incognito], extensions: []}, loggingPrefs: org.openqa.selenium.logging..., timeouts.implicitlywait: 5000, wait.for.timeout: 60000}
  &amp#27;[32mGiven &amp#27;[0m&amp#27;[32mI am on the to-do list page&amp#27;[0m                   &amp#27;[90m# Test.Tests.todoTest.iAmOnTheToDoListPage()&amp#27;[0m
18:02:20.677 [main] DEBUG net.serenitybdd.core.photography.Darkroom -- Opening darkroom
18:02:20.682 [Darkroom Processing Line] DEBUG net.serenitybdd.core.photography.DarkroomProcessingLine -- Darkroom processing line starting up
18:02:20.899 [main] DEBUG net.serenitybdd.core.photography.Darkroom -- Send negative for processing for target/site/serenity/ab49b0d3a40774a098f340c7e3d1f6cae8d2011fa6a853a607907dcdf7470f7e.png
18:02:20.900 [Darkroom Processing Line] DEBUG net.serenitybdd.core.photography.DarkroomProcessingLine -- Processing screenshot image in /var/screenshots/screenshot-16604229247912795486
18:02:20.901 [Darkroom Processing Line] DEBUG net.serenitybdd.core.photography.DarkroomProcessingLine -- Saving screenshot to target/site/serenity/ab49b0d3a40774a098f340c7e3d1f6cae8d2011fa6a853a607907dcdf7470f7e.png
  &amp#27;[32mWhen &amp#27;[0m&amp#27;[32mI enter &amp#27;[0m&amp#27;[32m&amp#27;[1m"Buy groceries"&amp#27;[0m&amp#27;[32m in the new to-do field&amp#27;[0m &amp#27;[90m# Test.Tests.todoTest.iEnterInTheNewToDoField(java.lang.String)&amp#27;[0m
18:02:21.709 [main] DEBUG net.serenitybdd.core.photography.Darkroom -- Send negative for processing for target/site/serenity/8dd1495b85f71bb45bdbe0c48f0e8a970a50f1bdc20f988ade94745ac52930e4.png
18:02:21.710 [Darkroom Processing Line] DEBUG net.serenitybdd.core.photography.DarkroomProcessingLine -- Processing screenshot image in /var/screenshots/screenshot-270848366027962649
18:02:21.710 [Darkroom Processing Line] DEBUG net.serenitybdd.core.photography.DarkroomProcessingLine -- Saving screenshot to target/site/serenity/8dd1495b85f71bb45bdbe0c48f0e8a970a50f1bdc20f988ade94745ac52930e4.png
  &amp#27;[32mAnd &amp#27;[0m&amp#27;[32mI click the enter button&amp#27;[0m                        &amp#27;[90m# Test.Tests.todoTest.iClickTheEnterButton()&amp#27;[0m
18:02:22.015 [main] DEBUG net.serenitybdd.core.photography.Darkroom -- Send negative for processing for target/site/serenity/7069d22dfa1fa56fce6f999a6260dc3da30a63b7cbc5d2e85d038808a8228bda.png
18:02:22.016 [Darkroom Processing Line] DEBUG net.serenitybdd.core.photography.DarkroomProcessingLine -- Processing screenshot image in /var/screenshots/screenshot-15156754176346307077
18:02:22.016 [Darkroom Processing Line] DEBUG net.serenitybdd.core.photography.DarkroomProcessingLine -- Saving screenshot to target/site/serenity/7069d22dfa1fa56fce6f999a6260dc3da30a63b7cbc5d2e85d038808a8228bda.png
  &amp#27;[32mThen &amp#27;[0m&amp#27;[32mI should see &amp#27;[0m&amp#27;[32m&amp#27;[1m"Buy groceries"&amp#27;[0m&amp#27;[32m in my to-do list&amp#27;[0m  &amp#27;[90m# Test.Tests.todoTest.iShouldSeeInMyToDoList(java.lang.String)&amp#27;[0m
18:02:22.164 [main] DEBUG net.serenitybdd.core.photography.Darkroom -- Send negative for processing for target/site/serenity/96b8c4c6c7f0078168c07e6c9e2870440f79c2edea3d7773c72330da384035de.png
18:02:22.165 [Darkroom Processing Line] DEBUG net.serenitybdd.core.photography.DarkroomProcessingLine -- Processing screenshot image in /var/screenshots/screenshot-5399162025322720510
18:02:22.165 [Darkroom Processing Line] DEBUG net.serenitybdd.core.photography.DarkroomProcessingLine -- Saving screenshot to target/site/serenity/96b8c4c6c7f0078168c07e6c9e2870440f79c2edea3d7773c72330da384035de.png
18:02:22.168 [main] INFO  -- 
  _____   ___   ___   _____     ___     _     ___   ___   ___   ___  
 |_   _| | __| / __| |_   _|   | _ \   /_\   / __| / __| | __| |   \ 
   | |   | _|  \__ \   | |     |  _/  / _ \  \__ \ \__ \ | _|  | |) |
   |_|   |___| |___/   |_|     |_|   /_/ \_\ |___/ |___/ |___| |___/ 

User adds a new to-do
----------------------------------------------------------------------
]]></system-out>
    <system-err><![CDATA[Starting ChromeDriver 114.0.5735.90 (386bc09e8f4f2e025eddae123f36f6263096ae49-refs/branch-heads/5735@{#1052}) on port 27622
Only local connections are allowed.
Please see https://chromedriver.chromium.org/security-considerations for suggestions on keeping ChromeDriver safe.
ChromeDriver was started successfully.
Jul 26, 2023 6:02:15 PM org.openqa.selenium.remote.ProtocolHandshake createSession
INFO: Detected dialect: W3C
]]></system-err>
  </testcase>
  <testcase name="User completes a to-do" classname="Todo" time="10.745">
    <system-out><![CDATA[
@Todo
Scenario: User completes a to-do                     &amp#27;[90m# src/test/resources/features/Todo.feature:12&amp#27;[0m
18:02:22.477 [main] INFO io.cucumber.core.plugin.SerenityReporter -- Running feature from file:///Users/jodi/Downloads/bank-mas-qe/src/test/resources/features/Todo.feature
18:02:22.489 [main] INFO  -- 
  _____   ___   ___   _____     ___   _____     _     ___   _____   ___   ___  
 |_   _| | __| / __| |_   _|   / __| |_   _|   /_\   | _ \ |_   _| | __| |   \ 
   | |   | _|  \__ \   | |     \__ \   | |    / _ \  |   /   | |   | _|  | |) |
   |_|   |___| |___/   |_|     |___/   |_|   /_/ \_\ |_|_\   |_|   |___| |___/ 

User completes a to-do(todo;user-completes-a-to-do)
--------------------------------------------------------------------------------
18:02:22.506 [main] INFO net.serenitybdd.core.webdriver.driverproviders.ChromeDriverProvider -- Using automatically driver download
18:02:22.519 [main] DEBUG io.github.bonigarcia.wdm.cache.ResolutionCache -- Resolution chrome=114 in cache (valid until 19:02:05 26/07/2023 WIB)
18:02:22.521 [main] DEBUG io.github.bonigarcia.wdm.cache.ResolutionCache -- Resolution chrome114=114.0.5735.90 in cache (valid until 10:28:21 27/07/2023 WIB)
18:02:22.521 [main] INFO io.github.bonigarcia.wdm.WebDriverManager -- Using chromedriver 114.0.5735.90 (resolved driver for Chrome 114)
18:02:22.524 [main] DEBUG io.github.bonigarcia.wdm.WebDriverManager -- Driver chromedriver 114.0.5735.90 found in cache
18:02:22.530 [main] INFO io.github.bonigarcia.wdm.WebDriverManager -- Exporting webdriver.chrome.driver as /Users/jodi/.cache/selenium/chromedriver/mac64/114.0.5735.90/chromedriver
18:02:22.716 [main] INFO net.serenitybdd.core.webdriver.driverproviders.ProvideNewDriver -- Instantiating driver
18:02:22.717 [main] INFO net.serenitybdd.core.webdriver.driverproviders.ProvideNewDriver -- Driver capabilities: Capabilities {acceptInsecureCerts: false, base.url: https://todomvc.com/example..., browserName: chrome, driver: chrome, goog:chromeOptions: {args: [--incognito], extensions: []}, loggingPrefs: org.openqa.selenium.logging..., timeouts.implicitlywait: 5000, wait.for.timeout: 60000}
  &amp#27;[32mGiven &amp#27;[0m&amp#27;[32mI have &amp#27;[0m&amp#27;[32m&amp#27;[1m"Buy groceries"&amp#27;[0m&amp#27;[32m in my to-do list&amp#27;[0m      &amp#27;[90m# Test.Tests.todoTest.iHaveInMyToDoList(java.lang.String)&amp#27;[0m
18:02:32.300 [main] DEBUG net.serenitybdd.core.photography.Darkroom -- Send negative for processing for target/site/serenity/7069d22dfa1fa56fce6f999a6260dc3da30a63b7cbc5d2e85d038808a8228bda.png
  &amp#27;[32mWhen &amp#27;[0m&amp#27;[32mI click the checkbox next to &amp#27;[0m&amp#27;[32m&amp#27;[1m"Buy groceries"&amp#27;[0m  &amp#27;[90m# Test.Tests.todoTest.iClickTheCheckboxNextTo(java.lang.String)&amp#27;[0m
18:02:32.684 [main] DEBUG net.serenitybdd.core.photography.Darkroom -- Send negative for processing for target/site/serenity/646fe5b9dc9425a30f49a4ba64066223a7636e95ee1b79dc6d653cd98f7d8875.png
18:02:32.684 [Darkroom Processing Line] DEBUG net.serenitybdd.core.photography.DarkroomProcessingLine -- Processing screenshot image in /var/screenshots/screenshot-7508870023331532403
18:02:32.685 [Darkroom Processing Line] DEBUG net.serenitybdd.core.photography.DarkroomProcessingLine -- Saving screenshot to target/site/serenity/646fe5b9dc9425a30f49a4ba64066223a7636e95ee1b79dc6d653cd98f7d8875.png
  &amp#27;[32mThen &amp#27;[0m&amp#27;[32m&amp#27;[0m&amp#27;[32m&amp#27;[1m"Buy groceries"&amp#27;[0m&amp#27;[32m should be marked as completed&amp#27;[0m &amp#27;[90m# Test.Tests.todoTest.shouldBeMarkedAsCompleted(java.lang.String)&amp#27;[0m
18:02:33.114 [main] DEBUG net.serenitybdd.core.photography.Darkroom -- Send negative for processing for target/site/serenity/9e57d84ef5481da1ae01ce20c82fd5d0c46c84f5d7ae37593a63d86c1411fa90.png
18:02:33.115 [Darkroom Processing Line] DEBUG net.serenitybdd.core.photography.DarkroomProcessingLine -- Processing screenshot image in /var/screenshots/screenshot-2620458958323975399
18:02:33.115 [Darkroom Processing Line] DEBUG net.serenitybdd.core.photography.DarkroomProcessingLine -- Saving screenshot to target/site/serenity/9e57d84ef5481da1ae01ce20c82fd5d0c46c84f5d7ae37593a63d86c1411fa90.png
18:02:33.118 [main] INFO  -- 
  _____   ___   ___   _____     ___     _     ___   ___   ___   ___  
 |_   _| | __| / __| |_   _|   | _ \   /_\   / __| / __| | __| |   \ 
   | |   | _|  \__ \   | |     |  _/  / _ \  \__ \ \__ \ | _|  | |) |
   |_|   |___| |___/   |_|     |_|   /_/ \_\ |___/ |___/ |___| |___/ 

User completes a to-do
----------------------------------------------------------------------
]]></system-out>
    <system-err><![CDATA[Starting ChromeDriver 114.0.5735.90 (386bc09e8f4f2e025eddae123f36f6263096ae49-refs/branch-heads/5735@{#1052}) on port 21958
Only local connections are allowed.
Please see https://chromedriver.chromium.org/security-considerations for suggestions on keeping ChromeDriver safe.
ChromeDriver was started successfully.
Jul 26, 2023 6:02:28 PM org.openqa.selenium.remote.ProtocolHandshake createSession
INFO: Detected dialect: W3C
]]></system-err>
  </testcase>
  <testcase name="User filters active to-dos" classname="Todo" time="9.159">
    <system-out><![CDATA[
@Todo
Scenario: User filters active to-dos                  &amp#27;[90m# src/test/resources/features/Todo.feature:18&amp#27;[0m
18:02:33.213 [main] INFO io.cucumber.core.plugin.SerenityReporter -- Running feature from file:///Users/jodi/Downloads/bank-mas-qe/src/test/resources/features/Todo.feature
18:02:33.215 [main] INFO  -- 
  _____   ___   ___   _____     ___   _____     _     ___   _____   ___   ___  
 |_   _| | __| / __| |_   _|   / __| |_   _|   /_\   | _ \ |_   _| | __| |   \ 
   | |   | _|  \__ \   | |     \__ \   | |    / _ \  |   /   | |   | _|  | |) |
   |_|   |___| |___/   |_|     |___/   |_|   /_/ \_\ |_|_\   |_|   |___| |___/ 

User filters active to-dos(todo;user-filters-active-to-dos)
--------------------------------------------------------------------------------
18:02:33.227 [main] INFO net.serenitybdd.core.webdriver.driverproviders.ChromeDriverProvider -- Using automatically driver download
18:02:33.237 [main] DEBUG io.github.bonigarcia.wdm.cache.ResolutionCache -- Resolution chrome=114 in cache (valid until 19:02:05 26/07/2023 WIB)
18:02:33.238 [main] DEBUG io.github.bonigarcia.wdm.cache.ResolutionCache -- Resolution chrome114=114.0.5735.90 in cache (valid until 10:28:21 27/07/2023 WIB)
18:02:33.238 [main] INFO io.github.bonigarcia.wdm.WebDriverManager -- Using chromedriver 114.0.5735.90 (resolved driver for Chrome 114)
18:02:33.241 [main] DEBUG io.github.bonigarcia.wdm.WebDriverManager -- Driver chromedriver 114.0.5735.90 found in cache
18:02:33.243 [main] INFO io.github.bonigarcia.wdm.WebDriverManager -- Exporting webdriver.chrome.driver as /Users/jodi/.cache/selenium/chromedriver/mac64/114.0.5735.90/chromedriver
18:02:33.394 [main] INFO net.serenitybdd.core.webdriver.driverproviders.ProvideNewDriver -- Instantiating driver
18:02:33.394 [main] INFO net.serenitybdd.core.webdriver.driverproviders.ProvideNewDriver -- Driver capabilities: Capabilities {acceptInsecureCerts: false, base.url: https://todomvc.com/example..., browserName: chrome, driver: chrome, goog:chromeOptions: {args: [--incognito], extensions: []}, loggingPrefs: org.openqa.selenium.logging..., timeouts.implicitlywait: 5000, wait.for.timeout: 60000}
  &amp#27;[32mGiven &amp#27;[0m&amp#27;[32mI have to-dos &amp#27;[0m&amp#27;[32m&amp#27;[1m"Buy groceries"&amp#27;[0m&amp#27;[32m and &amp#27;[0m&amp#27;[32m&amp#27;[1m"Pay bills"&amp#27;[0m &amp#27;[90m# Test.Tests.todoTest.iHaveToDosAnd(java.lang.String,java.lang.String)&amp#27;[0m
18:02:41.422 [main] DEBUG net.serenitybdd.core.photography.Darkroom -- Send negative for processing for target/site/serenity/7be62d332f4820287733eceea438f201a394ef9bded989df54f93c9e1523fcfb.png
18:02:41.423 [Darkroom Processing Line] DEBUG net.serenitybdd.core.photography.DarkroomProcessingLine -- Processing screenshot image in /var/screenshots/screenshot-3787488398338498505
18:02:41.423 [Darkroom Processing Line] DEBUG net.serenitybdd.core.photography.DarkroomProcessingLine -- Saving screenshot to target/site/serenity/7be62d332f4820287733eceea438f201a394ef9bded989df54f93c9e1523fcfb.png
  &amp#27;[32mAnd &amp#27;[0m&amp#27;[32m&amp#27;[0m&amp#27;[32m&amp#27;[1m"Pay bills"&amp#27;[0m&amp#27;[32m is completed&amp#27;[0m                        &amp#27;[90m# Test.Tests.todoTest.isCompleted(java.lang.String)&amp#27;[0m
18:02:41.719 [main] DEBUG net.serenitybdd.core.photography.Darkroom -- Send negative for processing for target/site/serenity/d5ffb888ef0fb774742d8f6dfb064b7fcebc5177858f6d02ef9384b976f1cbb0.png
18:02:41.719 [Darkroom Processing Line] DEBUG net.serenitybdd.core.photography.DarkroomProcessingLine -- Processing screenshot image in /var/screenshots/screenshot-6294855219876335523
18:02:41.720 [Darkroom Processing Line] DEBUG net.serenitybdd.core.photography.DarkroomProcessingLine -- Saving screenshot to target/site/serenity/d5ffb888ef0fb774742d8f6dfb064b7fcebc5177858f6d02ef9384b976f1cbb0.png
  &amp#27;[32mWhen &amp#27;[0m&amp#27;[32mI filter for active to-dos&amp#27;[0m                     &amp#27;[90m# Test.Tests.todoTest.iFilterForActiveToDos()&amp#27;[0m
18:02:42.253 [main] DEBUG net.serenitybdd.core.photography.Darkroom -- Send negative for processing for target/site/serenity/1b7ed09d8cf273799c4e9a3926f01d7fbb1270c11a67cfcf26bb947c334fbbf3.png
18:02:42.254 [Darkroom Processing Line] DEBUG net.serenitybdd.core.photography.DarkroomProcessingLine -- Processing screenshot image in /var/screenshots/screenshot-5329807769860768002
18:02:42.254 [Darkroom Processing Line] DEBUG net.serenitybdd.core.photography.DarkroomProcessingLine -- Saving screenshot to target/site/serenity/1b7ed09d8cf273799c4e9a3926f01d7fbb1270c11a67cfcf26bb947c334fbbf3.png
  &amp#27;[32mThen &amp#27;[0m&amp#27;[32mI should only see &amp#27;[0m&amp#27;[32m&amp#27;[1m"Buy groceries"&amp#27;[0m              &amp#27;[90m# Test.Tests.todoTest.iShouldOnlySee(java.lang.String)&amp#27;[0m
18:02:42.282 [main] INFO  -- 
  _____   ___   ___   _____     ___     _     ___   ___   ___   ___  
 |_   _| | __| / __| |_   _|   | _ \   /_\   / __| / __| | __| |   \ 
   | |   | _|  \__ \   | |     |  _/  / _ \  \__ \ \__ \ | _|  | |) |
   |_|   |___| |___/   |_|     |_|   /_/ \_\ |___/ |___/ |___| |___/ 

User filters active to-dos
----------------------------------------------------------------------
]]></system-out>
    <system-err><![CDATA[Starting ChromeDriver 114.0.5735.90 (386bc09e8f4f2e025eddae123f36f6263096ae49-refs/branch-heads/5735@{#1052}) on port 8616
Only local connections are allowed.
Please see https://chromedriver.chromium.org/security-considerations for suggestions on keeping ChromeDriver safe.
ChromeDriver was started successfully.
Jul 26, 2023 6:02:38 PM org.openqa.selenium.remote.ProtocolHandshake createSession
INFO: Detected dialect: W3C
]]></system-err>
  </testcase>
  <testcase name="User deletes a to-do" classname="Todo" time="9.163">
    <system-out><![CDATA[
@Todo
Scenario: User deletes a to-do                              &amp#27;[90m# src/test/resources/features/Todo.feature:25&amp#27;[0m
18:02:42.374 [main] INFO io.cucumber.core.plugin.SerenityReporter -- Running feature from file:///Users/jodi/Downloads/bank-mas-qe/src/test/resources/features/Todo.feature
18:02:42.376 [main] INFO  -- 
  _____   ___   ___   _____     ___   _____     _     ___   _____   ___   ___  
 |_   _| | __| / __| |_   _|   / __| |_   _|   /_\   | _ \ |_   _| | __| |   \ 
   | |   | _|  \__ \   | |     \__ \   | |    / _ \  |   /   | |   | _|  | |) |
   |_|   |___| |___/   |_|     |___/   |_|   /_/ \_\ |_|_\   |_|   |___| |___/ 

User deletes a to-do(todo;user-deletes-a-to-do)
--------------------------------------------------------------------------------
18:02:42.385 [main] INFO net.serenitybdd.core.webdriver.driverproviders.ChromeDriverProvider -- Using automatically driver download
18:02:42.393 [main] DEBUG io.github.bonigarcia.wdm.cache.ResolutionCache -- Resolution chrome=114 in cache (valid until 19:02:05 26/07/2023 WIB)
18:02:42.394 [main] DEBUG io.github.bonigarcia.wdm.cache.ResolutionCache -- Resolution chrome114=114.0.5735.90 in cache (valid until 10:28:21 27/07/2023 WIB)
18:02:42.394 [main] INFO io.github.bonigarcia.wdm.WebDriverManager -- Using chromedriver 114.0.5735.90 (resolved driver for Chrome 114)
18:02:42.399 [main] DEBUG io.github.bonigarcia.wdm.WebDriverManager -- Driver chromedriver 114.0.5735.90 found in cache
18:02:42.400 [main] INFO io.github.bonigarcia.wdm.WebDriverManager -- Exporting webdriver.chrome.driver as /Users/jodi/.cache/selenium/chromedriver/mac64/114.0.5735.90/chromedriver
18:02:42.549 [main] INFO net.serenitybdd.core.webdriver.driverproviders.ProvideNewDriver -- Instantiating driver
18:02:42.549 [main] INFO net.serenitybdd.core.webdriver.driverproviders.ProvideNewDriver -- Driver capabilities: Capabilities {acceptInsecureCerts: false, base.url: https://todomvc.com/example..., browserName: chrome, driver: chrome, goog:chromeOptions: {args: [--incognito], extensions: []}, loggingPrefs: org.openqa.selenium.logging..., timeouts.implicitlywait: 5000, wait.for.timeout: 60000}
  &amp#27;[32mGiven &amp#27;[0m&amp#27;[32mI have &amp#27;[0m&amp#27;[32m&amp#27;[1m"Buy groceries"&amp#27;[0m&amp#27;[32m in my to-do list&amp#27;[0m             &amp#27;[90m# Test.Tests.todoTest.iHaveInMyToDoList(java.lang.String)&amp#27;[0m
18:02:50.569 [main] DEBUG net.serenitybdd.core.photography.Darkroom -- Send negative for processing for target/site/serenity/7069d22dfa1fa56fce6f999a6260dc3da30a63b7cbc5d2e85d038808a8228bda.png
  &amp#27;[32mWhen &amp#27;[0m&amp#27;[32mI click the delete button for &amp#27;[0m&amp#27;[32m&amp#27;[1m"Buy groceries"&amp#27;[0m        &amp#27;[90m# Test.Tests.todoTest.iClickTheDeleteButtonFor(java.lang.String)&amp#27;[0m
18:02:51.413 [main] DEBUG net.serenitybdd.core.photography.Darkroom -- Send negative for processing for target/site/serenity/f381bcd13c31fab7dd32cb4f5537b1473586237fe4c4cd2ef54144903cd5cf20.png
18:02:51.413 [Darkroom Processing Line] DEBUG net.serenitybdd.core.photography.DarkroomProcessingLine -- Processing screenshot image in /var/screenshots/screenshot-6796532722490732011
18:02:51.413 [Darkroom Processing Line] DEBUG net.serenitybdd.core.photography.DarkroomProcessingLine -- Saving screenshot to target/site/serenity/f381bcd13c31fab7dd32cb4f5537b1473586237fe4c4cd2ef54144903cd5cf20.png
  &amp#27;[32mThen &amp#27;[0m&amp#27;[32m&amp#27;[0m&amp#27;[32m&amp#27;[1m"Buy groceries"&amp#27;[0m&amp#27;[32m should be removed from my to-do list&amp#27;[0m &amp#27;[90m# Test.Tests.todoTest.shouldBeRemovedFromMyToDoList(java.lang.String)&amp#27;[0m
18:02:51.446 [main] INFO  -- 
  _____   ___   ___   _____     ___     _     ___   ___   ___   ___  
 |_   _| | __| / __| |_   _|   | _ \   /_\   / __| / __| | __| |   \ 
   | |   | _|  \__ \   | |     |  _/  / _ \  \__ \ \__ \ | _|  | |) |
   |_|   |___| |___/   |_|     |_|   /_/ \_\ |___/ |___/ |___| |___/ 

User deletes a to-do
----------------------------------------------------------------------
]]></system-out>
    <system-err><![CDATA[Starting ChromeDriver 114.0.5735.90 (386bc09e8f4f2e025eddae123f36f6263096ae49-refs/branch-heads/5735@{#1052}) on port 30358
Only local connections are allowed.
Please see https://chromedriver.chromium.org/security-considerations for suggestions on keeping ChromeDriver safe.
ChromeDriver was started successfully.
Jul 26, 2023 6:02:47 PM org.openqa.selenium.remote.ProtocolHandshake createSession
INFO: Detected dialect: W3C
]]></system-err>
  </testcase>
</testsuite>